ERROR [AWT-EventQueue-0] 2016-03-13 13:08:11,346 repast.simphony.dataLoader.engine.MIContextXMLDataLoaderAction - ModelInitializer class was not found. Unable to initialize scenario
FATAL [Thread-7] 2016-03-13 13:12:20,555 repast.simphony.ui.GUIScheduleRunner - RunTimeException when running the schedule
Current tick (1.0)
java.lang.RuntimeException: java.lang.reflect.InvocationTargetException
	at repast.simphony.engine.schedule.DynamicTargetAction.execute(DynamicTargetAction.java:72)
	at repast.simphony.engine.controller.ScheduledMethodControllerAction$ScheduleMethodAllAction.execute(ScheduledMethodControllerAction.java:333)
	at repast.simphony.engine.schedule.DefaultAction.execute(DefaultAction.java:38)
	at repast.simphony.engine.schedule.ScheduleGroup.executeList(ScheduleGroup.java:205)
	at repast.simphony.engine.schedule.ScheduleGroup.execute(ScheduleGroup.java:231)
	at repast.simphony.engine.schedule.Schedule.execute(Schedule.java:352)
	at repast.simphony.ui.GUIScheduleRunner$ScheduleLoopRunnable.run(GUIScheduleRunner.java:52)
	at java.lang.Thread.run(Unknown Source)
Caused by: java.lang.reflect.InvocationTargetException
	at predatorPrey.Antelope$$FastClassByCGLIB$$9da6f237.invoke(<generated>)
	at net.sf.cglib.reflect.FastMethod.invoke(FastMethod.java:53)
	at repast.simphony.engine.schedule.DynamicTargetAction.execute(DynamicTargetAction.java:69)
	... 7 more
Caused by: java.lang.StackOverflowError
	at predatorPrey.Grass.getLocation(Grass.java:46)
	at predatorPrey.Grass.getLocation(Grass.java:46)
	at predatorPrey.Grass.getLocation(Grass.java:46)
	at predatorPrey.Grass.getLocation(Grass.java:46)
	at predatorPrey.Grass.getLocation(Grass.java:46)
	at predatorPrey.Grass.getLocation(Grass.java:46)
	at predatorPrey.Grass.getLocation(Grass.java:46)
	at predatorPrey.Grass.getLocation(Grass.java:46)
	at predatorPrey.Grass.getLocation(Grass.java:46)
	at predatorPrey.Grass.getLocation(Grass.java:46)
	at predatorPrey.Grass.getLocation(Grass.java:46)
	at predatorPrey.Grass.getLocation(Grass.java:46)
	at predatorPrey.Grass.getLocation(Grass.java:46)
	at predatorPrey.Grass.getLocation(Grass.java:46)
	at predatorPrey.Grass.getLocation(Grass.java:46)
	at predatorPrey.Grass.getLocation(Grass.java:46)
	at predatorPrey.Grass.getLocation(Grass.java:46)
	at predatorPrey.Grass.getLocation(Grass.java:46)
	at predatorPrey.Grass.getLocation(Grass.java:46)
	at predatorPrey.Grass.getLocation(Grass.java:46)
	at predatorPrey.Grass.getLocation(Grass.java:46)
	at predatorPrey.Grass.getLocation(Grass.java:46)
	at predatorPrey.Grass.getLocation(Grass.java:46)
	at predatorPrey.Grass.getLocation(Grass.java:46)
	at predatorPrey.Grass.getLocation(Grass.java:46)
	at predatorPrey.Grass.getLocation(Grass.java:46)
	at predatorPrey.Grass.getLocation(Grass.java:46)
	at predatorPrey.Grass.getLocation(Grass.java:46)
	at predatorPrey.Grass.getLocation(Grass.java:46)
	at predatorPrey.Grass.getLocation(Grass.java:46)
	at predatorPrey.Grass.getLocation(Grass.java:46)
	at predatorPrey.Grass.getLocation(Grass.java:46)
	at predatorPrey.Grass.getLocation(Grass.java:46)
	at predatorPrey.Grass.getLocation(Grass.java:46)
	at predatorPrey.Grass.getLocation(Grass.java:46)
	at predatorPrey.Grass.getLocation(Grass.java:46)
	at predatorPrey.Grass.getLocation(Grass.java:46)
	at predatorPrey.Grass.getLocation(Grass.java:46)
	at predatorPrey.Grass.getLocation(Grass.java:46)
	at predatorPrey.Grass.getLocation(Grass.java:46)
	at predatorPrey.Grass.getLocation(Grass.java:46)
	at predatorPrey.Grass.getLocation(Grass.java:46)
	at predatorPrey.Grass.getLocation(Grass.java:46)
	at predatorPrey.Grass.getLocation(Grass.java:46)
	at predatorPrey.Grass.getLocation(Grass.java:46)
	at predatorPrey.Grass.getLocation(Grass.java:46)
	at predatorPrey.Grass.getLocation(Grass.java:46)
	at predatorPrey.Grass.getLocation(Grass.java:46)
	at predatorPrey.Grass.getLocation(Grass.java:46)
	at predatorPrey.Grass.getLocation(Grass.java:46)
	at predatorPrey.Grass.getLocation(Grass.java:46)
	at predatorPrey.Grass.getLocation(Grass.java:46)
	at predatorPrey.Grass.getLocation(Grass.java:46)
	at predatorPrey.Grass.getLocation(Grass.java:46)
	at predatorPrey.Grass.getLocation(Grass.java:46)
	at predatorPrey.Grass.getLocation(Grass.java:46)
	at predatorPrey.Grass.getLocation(Grass.java:46)
	at predatorPrey.Grass.getLocation(Grass.java:46)
	at predatorPrey.Grass.getLocation(Grass.java:46)
	at predatorPrey.Grass.getLocation(Grass.java:46)
	at predatorPrey.Grass.getLocation(Grass.java:46)
	at predatorPrey.Grass.getLocation(Grass.java:46)
	at predatorPrey.Grass.getLocation(Grass.java:46)
	at predatorPrey.Grass.getLocation(Grass.java:46)
	at predatorPrey.Grass.getLocation(Grass.java:46)
	at predatorPrey.Grass.getLocation(Grass.java:46)
	at predatorPrey.Grass.getLocation(Grass.java:46)
	at predatorPrey.Grass.getLocation(Grass.java:46)
	at predatorPrey.Grass.getLocation(Grass.java:46)
	at predatorPrey.Grass.getLocation(Grass.java:46)
	at predatorPrey.Grass.getLocation(Grass.java:46)
	at predatorPrey.Grass.getLocation(Grass.java:46)
	at predatorPrey.Grass.getLocation(Grass.java:46)
	at predatorPrey.Grass.getLocation(Grass.java:46)
	at predatorPrey.Grass.getLocation(Grass.java:46)
	at predatorPrey.Grass.getLocation(Grass.java:46)
	at predatorPrey.Grass.getLocation(Grass.java:46)
	at predatorPrey.Grass.getLocation(Grass.java:46)
	at predatorPrey.Grass.getLocation(Grass.java:46)
	at predatorPrey.Grass.getLocation(Grass.java:46)
	at predatorPrey.Grass.getLocation(Grass.java:46)
	at predatorPrey.Grass.getLocation(Grass.java:46)
	at predatorPrey.Grass.getLocation(Grass.java:46)
	at predatorPrey.Grass.getLocation(Grass.java:46)
	at predatorPrey.Grass.getLocation(Grass.java:46)
	at predatorPrey.Grass.getLocation(Grass.java:46)
	at predatorPrey.Grass.getLocation(Grass.java:46)
	at predatorPrey.Grass.getLocation(Grass.java:46)
	at predatorPrey.Grass.getLocation(Grass.java:46)
	at predatorPrey.Grass.getLocation(Grass.java:46)
	at predatorPrey.Grass.getLocation(Grass.java:46)
	at predatorPrey.Grass.getLocation(Grass.java:46)
	at predatorPrey.Grass.getLocation(Grass.java:46)
	at predatorPrey.Grass.getLocation(Grass.java:46)
	at predatorPrey.Grass.getLocation(Grass.java:46)
	at predatorPrey.Grass.getLocation(Grass.java:46)
	at predatorPrey.Grass.getLocation(Grass.java:46)
	at predatorPrey.Grass.getLocation(Grass.java:46)
	at predatorPrey.Grass.getLocation(Grass.java:46)
	at predatorPrey.Grass.getLocation(Grass.java:46)
	at predatorPrey.Grass.getLocation(Grass.java:46)
	at predatorPrey.Grass.getLocation(Grass.java:46)
	at predatorPrey.Grass.getLocation(Grass.java:46)
	at predatorPrey.Grass.getLocation(Grass.java:46)
	at predatorPrey.Grass.getLocation(Grass.java:46)
	at predatorPrey.Grass.getLocation(Grass.java:46)
	at predatorPrey.Grass.getLocation(Grass.java:46)
	at predatorPrey.Grass.getLocation(Grass.java:46)
	at predatorPrey.Grass.getLocation(Grass.java:46)
	at predatorPrey.Grass.getLocation(Grass.java:46)
	at predatorPrey.Grass.getLocation(Grass.java:46)
	at predatorPrey.Grass.getLocation(Grass.java:46)
	at predatorPrey.Grass.getLocation(Grass.java:46)
	at predatorPrey.Grass.getLocation(Grass.java:46)
	at predatorPrey.Grass.getLocation(Grass.java:46)
	at predatorPrey.Grass.getLocation(Grass.java:46)
	at predatorPrey.Grass.getLocation(Grass.java:46)
	at predatorPrey.Grass.getLocation(Grass.java:46)
	at predatorPrey.Grass.getLocation(Grass.java:46)
	at predatorPrey.Grass.getLocation(Grass.java:46)
	at predatorPrey.Grass.getLocation(Grass.java:46)
	at predatorPrey.Grass.getLocation(Grass.java:46)
	at predatorPrey.Grass.getLocation(Grass.java:46)
	at predatorPrey.Grass.getLocation(Grass.java:46)
	at predatorPrey.Grass.getLocation(Grass.java:46)
	at predatorPrey.Grass.getLocation(Grass.java:46)
	at predatorPrey.Grass.getLocation(Grass.java:46)
	at predatorPrey.Grass.getLocation(Grass.java:46)
	at predatorPrey.Grass.getLocation(Grass.java:46)
	at predatorPrey.Grass.getLocation(Grass.java:46)
	at predatorPrey.Grass.getLocation(Grass.java:46)
	at predatorPrey.Grass.getLocation(Grass.java:46)
	at predatorPrey.Grass.getLocation(Grass.java:46)
	at predatorPrey.Grass.getLocation(Grass.java:46)
	at predatorPrey.Grass.getLocation(Grass.java:46)
	at predatorPrey.Grass.getLocation(Grass.java:46)
	at predatorPrey.Grass.getLocation(Grass.java:46)
	at predatorPrey.Grass.getLocation(Grass.java:46)
	at predatorPrey.Grass.getLocation(Grass.java:46)
	at predatorPrey.Grass.getLocation(Grass.java:46)
	at predatorPrey.Grass.getLocation(Grass.java:46)
	at predatorPrey.Grass.getLocation(Grass.java:46)
	at predatorPrey.Grass.getLocation(Grass.java:46)
	at predatorPrey.Grass.getLocation(Grass.java:46)
	at predatorPrey.Grass.getLocation(Grass.java:46)
	at predatorPrey.Grass.getLocation(Grass.java:46)
	at predatorPrey.Grass.getLocation(Grass.java:46)
	at predatorPrey.Grass.getLocation(Grass.java:46)
	at predatorPrey.Grass.getLocation(Grass.java:46)
	at predatorPrey.Grass.getLocation(Grass.java:46)
	at predatorPrey.Grass.getLocation(Grass.java:46)
	at predatorPrey.Grass.getLocation(Grass.java:46)
	at predatorPrey.Grass.getLocation(Grass.java:46)
	at predatorPrey.Grass.getLocation(Grass.java:46)
	at predatorPrey.Grass.getLocation(Grass.java:46)
	at predatorPrey.Grass.getLocation(Grass.java:46)
	at predatorPrey.Grass.getLocation(Grass.java:46)
	at predatorPrey.Grass.getLocation(Grass.java:46)
	at predatorPrey.Grass.getLocation(Grass.java:46)
	at predatorPrey.Grass.getLocation(Grass.java:46)
	at predatorPrey.Grass.getLocation(Grass.java:46)
	at predatorPrey.Grass.getLocation(Grass.java:46)
	at predatorPrey.Grass.getLocation(Grass.java:46)
	at predatorPrey.Grass.getLocation(Grass.java:46)
	at predatorPrey.Grass.getLocation(Grass.java:46)
	at predatorPrey.Grass.getLocation(Grass.java:46)
	at predatorPrey.Grass.getLocation(Grass.java:46)
	at predatorPrey.Grass.getLocation(Grass.java:46)
	at predatorPrey.Grass.getLocation(Grass.java:46)
	at predatorPrey.Grass.getLocation(Grass.java:46)
	at predatorPrey.Grass.getLocation(Grass.java:46)
	at predatorPrey.Grass.getLocation(Grass.java:46)
	at predatorPrey.Grass.getLocation(Grass.java:46)
	at predatorPrey.Grass.getLocation(Grass.java:46)
	at predatorPrey.Grass.getLocation(Grass.java:46)
	at predatorPrey.Grass.getLocation(Grass.java:46)
	at predatorPrey.Grass.getLocation(Grass.java:46)
	at predatorPrey.Grass.getLocation(Grass.java:46)
	at predatorPrey.Grass.getLocation(Grass.java:46)
	at predatorPrey.Grass.getLocation(Grass.java:46)
	at predatorPrey.Grass.getLocation(Grass.java:46)
	at predatorPrey.Grass.getLocation(Grass.java:46)
	at predatorPrey.Grass.getLocation(Grass.java:46)
	at predatorPrey.Grass.getLocation(Grass.java:46)
	at predatorPrey.Grass.getLocation(Grass.java:46)
	at predatorPrey.Grass.getLocation(Grass.java:46)
	at predatorPrey.Grass.getLocation(Grass.java:46)
	at predatorPrey.Grass.getLocation(Grass.java:46)
	at predatorPrey.Grass.getLocation(Grass.java:46)
	at predatorPrey.Grass.getLocation(Grass.java:46)
	at predatorPrey.Grass.getLocation(Grass.java:46)
	at predatorPrey.Grass.getLocation(Grass.java:46)
	at predatorPrey.Grass.getLocation(Grass.java:46)
	at predatorPrey.Grass.getLocation(Grass.java:46)
	at predatorPrey.Grass.getLocation(Grass.java:46)
	at predatorPrey.Grass.getLocation(Grass.java:46)
	at predatorPrey.Grass.getLocation(Grass.java:46)
	at predatorPrey.Grass.getLocation(Grass.java:46)
	at predatorPrey.Grass.getLocation(Grass.java:46)
	at predatorPrey.Grass.getLocation(Grass.java:46)
	at predatorPrey.Grass.getLocation(Grass.java:46)
	at predatorPrey.Grass.getLocation(Grass.java:46)
	at predatorPrey.Grass.getLocation(Grass.java:46)
	at predatorPrey.Grass.getLocation(Grass.java:46)
	at predatorPrey.Grass.getLocation(Grass.java:46)
	at predatorPrey.Grass.getLocation(Grass.java:46)
	at predatorPrey.Grass.getLocation(Grass.java:46)
	at predatorPrey.Grass.getLocation(Grass.java:46)
	at predatorPrey.Grass.getLocation(Grass.java:46)
	at predatorPrey.Grass.getLocation(Grass.java:46)
	at predatorPrey.Grass.getLocation(Grass.java:46)
	at predatorPrey.Grass.getLocation(Grass.java:46)
	at predatorPrey.Grass.getLocation(Grass.java:46)
	at predatorPrey.Grass.getLocation(Grass.java:46)
	at predatorPrey.Grass.getLocation(Grass.java:46)
	at predatorPrey.Grass.getLocation(Grass.java:46)
	at predatorPrey.Grass.getLocation(Grass.java:46)
	at predatorPrey.Grass.getLocation(Grass.java:46)
	at predatorPrey.Grass.getLocation(Grass.java:46)
	at predatorPrey.Grass.getLocation(Grass.java:46)
	at predatorPrey.Grass.getLocation(Grass.java:46)
	at predatorPrey.Grass.getLocation(Grass.java:46)
	at predatorPrey.Grass.getLocation(Grass.java:46)
	at predatorPrey.Grass.getLocation(Grass.java:46)
	at predatorPrey.Grass.getLocation(Grass.java:46)
	at predatorPrey.Grass.getLocation(Grass.java:46)
	at predatorPrey.Grass.getLocation(Grass.java:46)
	at predatorPrey.Grass.getLocation(Grass.java:46)
	at predatorPrey.Grass.getLocation(Grass.java:46)
	at predatorPrey.Grass.getLocation(Grass.java:46)
	at predatorPrey.Grass.getLocation(Grass.java:46)
	at predatorPrey.Grass.getLocation(Grass.java:46)
	at predatorPrey.Grass.getLocation(Grass.java:46)
	at predatorPrey.Grass.getLocation(Grass.java:46)
	at predatorPrey.Grass.getLocation(Grass.java:46)
	at predatorPrey.Grass.getLocation(Grass.java:46)
	at predatorPrey.Grass.getLocation(Grass.java:46)
	at predatorPrey.Grass.getLocation(Grass.java:46)
	at predatorPrey.Grass.getLocation(Grass.java:46)
	at predatorPrey.Grass.getLocation(Grass.java:46)
	at predatorPrey.Grass.getLocation(Grass.java:46)
	at predatorPrey.Grass.getLocation(Grass.java:46)
	at predatorPrey.Grass.getLocation(Grass.java:46)
	at predatorPrey.Grass.getLocation(Grass.java:46)
	at predatorPrey.Grass.getLocation(Grass.java:46)
	at predatorPrey.Grass.getLocation(Grass.java:46)
	at predatorPrey.Grass.getLocation(Grass.java:46)
	at predatorPrey.Grass.getLocation(Grass.java:46)
	at predatorPrey.Grass.getLocation(Grass.java:46)
	at predatorPrey.Grass.getLocation(Grass.java:46)
	at predatorPrey.Grass.getLocation(Grass.java:46)
	at predatorPrey.Grass.getLocation(Grass.java:46)
	at predatorPrey.Grass.getLocation(Grass.java:46)
	at predatorPrey.Grass.getLocation(Grass.java:46)
	at predatorPrey.Grass.getLocation(Grass.java:46)
	at predatorPrey.Grass.getLocation(Grass.java:46)
	at predatorPrey.Grass.getLocation(Grass.java:46)
	at predatorPrey.Grass.getLocation(Grass.java:46)
	at predatorPrey.Grass.getLocation(Grass.java:46)
	at predatorPrey.Grass.getLocation(Grass.java:46)
	at predatorPrey.Grass.getLocation(Grass.java:46)
	at predatorPrey.Grass.getLocation(Grass.java:46)
	at predatorPrey.Grass.getLocation(Grass.java:46)
	at predatorPrey.Grass.getLocation(Grass.java:46)
	at predatorPrey.Grass.getLocation(Grass.java:46)
	at predatorPrey.Grass.getLocation(Grass.java:46)
	at predatorPrey.Grass.getLocation(Grass.java:46)
	at predatorPrey.Grass.getLocation(Grass.java:46)
	at predatorPrey.Grass.getLocation(Grass.java:46)
	at predatorPrey.Grass.getLocation(Grass.java:46)
	at predatorPrey.Grass.getLocation(Grass.java:46)
	at predatorPrey.Grass.getLocation(Grass.java:46)
	at predatorPrey.Grass.getLocation(Grass.java:46)
	at predatorPrey.Grass.getLocation(Grass.java:46)
	at predatorPrey.Grass.getLocation(Grass.java:46)
	at predatorPrey.Grass.getLocation(Grass.java:46)
	at predatorPrey.Grass.getLocation(Grass.java:46)
	at predatorPrey.Grass.getLocation(Grass.java:46)
	at predatorPrey.Grass.getLocation(Grass.java:46)
	at predatorPrey.Grass.getLocation(Grass.java:46)
	at predatorPrey.Grass.getLocation(Grass.java:46)
	at predatorPrey.Grass.getLocation(Grass.java:46)
	at predatorPrey.Grass.getLocation(Grass.java:46)
	at predatorPrey.Grass.getLocation(Grass.java:46)
	at predatorPrey.Grass.getLocation(Grass.java:46)
	at predatorPrey.Grass.getLocation(Grass.java:46)
	at predatorPrey.Grass.getLocation(Grass.java:46)
	at predatorPrey.Grass.getLocation(Grass.java:46)
	at predatorPrey.Grass.getLocation(Grass.java:46)
	at predatorPrey.Grass.getLocation(Grass.java:46)
	at predatorPrey.Grass.getLocation(Grass.java:46)
	at predatorPrey.Grass.getLocation(Grass.java:46)
	at predatorPrey.Grass.getLocation(Grass.java:46)
	at predatorPrey.Grass.getLocation(Grass.java:46)
	at predatorPrey.Grass.getLocation(Grass.java:46)
	at predatorPrey.Grass.getLocation(Grass.java:46)
	at predatorPrey.Grass.getLocation(Grass.java:46)
	at predatorPrey.Grass.getLocation(Grass.java:46)
	at predatorPrey.Grass.getLocation(Grass.java:46)
	at predatorPrey.Grass.getLocation(Grass.java:46)
	at predatorPrey.Grass.getLocation(Grass.java:46)
	at predatorPrey.Grass.getLocation(Grass.java:46)
	at predatorPrey.Grass.getLocation(Grass.java:46)
	at predatorPrey.Grass.getLocation(Grass.java:46)
	at predatorPrey.Grass.getLocation(Grass.java:46)
	at predatorPrey.Grass.getLocation(Grass.java:46)
	at predatorPrey.Grass.getLocation(Grass.java:46)
	at predatorPrey.Grass.getLocation(Grass.java:46)
	at predatorPrey.Grass.getLocation(Grass.java:46)
	at predatorPrey.Grass.getLocation(Grass.java:46)
	at predatorPrey.Grass.getLocation(Grass.java:46)
	at predatorPrey.Grass.getLocation(Grass.java:46)
	at predatorPrey.Grass.getLocation(Grass.java:46)
	at predatorPrey.Grass.getLocation(Grass.java:46)
	at predatorPrey.Grass.getLocation(Grass.java:46)
	at predatorPrey.Grass.getLocation(Grass.java:46)
	at predatorPrey.Grass.getLocation(Grass.java:46)
	at predatorPrey.Grass.getLocation(Grass.java:46)
	at predatorPrey.Grass.getLocation(Grass.java:46)
	at predatorPrey.Grass.getLocation(Grass.java:46)
	at predatorPrey.Grass.getLocation(Grass.java:46)
	at predatorPrey.Grass.getLocation(Grass.java:46)
	at predatorPrey.Grass.getLocation(Grass.java:46)
	at predatorPrey.Grass.getLocation(Grass.java:46)
	at predatorPrey.Grass.getLocation(Grass.java:46)
	at predatorPrey.Grass.getLocation(Grass.java:46)
	at predatorPrey.Grass.getLocation(Grass.java:46)
	at predatorPrey.Grass.getLocation(Grass.java:46)
	at predatorPrey.Grass.getLocation(Grass.java:46)
	at predatorPrey.Grass.getLocation(Grass.java:46)
	at predatorPrey.Grass.getLocation(Grass.java:46)
	at predatorPrey.Grass.getLocation(Grass.java:46)
	at predatorPrey.Grass.getLocation(Grass.java:46)
	at predatorPrey.Grass.getLocation(Grass.java:46)
	at predatorPrey.Grass.getLocation(Grass.java:46)
	at predatorPrey.Grass.getLocation(Grass.java:46)
	at predatorPrey.Grass.getLocation(Grass.java:46)
	at predatorPrey.Grass.getLocation(Grass.java:46)
	at predatorPrey.Grass.getLocation(Grass.java:46)
	at predatorPrey.Grass.getLocation(Grass.java:46)
	at predatorPrey.Grass.getLocation(Grass.java:46)
	at predatorPrey.Grass.getLocation(Grass.java:46)
	at predatorPrey.Grass.getLocation(Grass.java:46)
	at predatorPrey.Grass.getLocation(Grass.java:46)
	at predatorPrey.Grass.getLocation(Grass.java:46)
	at predatorPrey.Grass.getLocation(Grass.java:46)
	at predatorPrey.Grass.getLocation(Grass.java:46)
	at predatorPrey.Grass.getLocation(Grass.java:46)
	at predatorPrey.Grass.getLocation(Grass.java:46)
	at predatorPrey.Grass.getLocation(Grass.java:46)
	at predatorPrey.Grass.getLocation(Grass.java:46)
	at predatorPrey.Grass.getLocation(Grass.java:46)
	at predatorPrey.Grass.getLocation(Grass.java:46)
	at predatorPrey.Grass.getLocation(Grass.java:46)
	at predatorPrey.Grass.getLocation(Grass.java:46)
	at predatorPrey.Grass.getLocation(Grass.java:46)
	at predatorPrey.Grass.getLocation(Grass.java:46)
	at predatorPrey.Grass.getLocation(Grass.java:46)
	at predatorPrey.Grass.getLocation(Grass.java:46)
	at predatorPrey.Grass.getLocation(Grass.java:46)
	at predatorPrey.Grass.getLocation(Grass.java:46)
	at predatorPrey.Grass.getLocation(Grass.java:46)
	at predatorPrey.Grass.getLocation(Grass.java:46)
	at predatorPrey.Grass.getLocation(Grass.java:46)
	at predatorPrey.Grass.getLocation(Grass.java:46)
	at predatorPrey.Grass.getLocation(Grass.java:46)
	at predatorPrey.Grass.getLocation(Grass.java:46)
	at predatorPrey.Grass.getLocation(Grass.java:46)
	at predatorPrey.Grass.getLocation(Grass.java:46)
	at predatorPrey.Grass.getLocation(Grass.java:46)
	at predatorPrey.Grass.getLocation(Grass.java:46)
	at predatorPrey.Grass.getLocation(Grass.java:46)
	at predatorPrey.Grass.getLocation(Grass.java:46)
	at predatorPrey.Grass.getLocation(Grass.java:46)
	at predatorPrey.Grass.getLocation(Grass.java:46)
	at predatorPrey.Grass.getLocation(Grass.java:46)
	at predatorPrey.Grass.getLocation(Grass.java:46)
	at predatorPrey.Grass.getLocation(Grass.java:46)
	at predatorPrey.Grass.getLocation(Grass.java:46)
	at predatorPrey.Grass.getLocation(Grass.java:46)
	at predatorPrey.Grass.getLocation(Grass.java:46)
	at predatorPrey.Grass.getLocation(Grass.java:46)
	at predatorPrey.Grass.getLocation(Grass.java:46)
	at predatorPrey.Grass.getLocation(Grass.java:46)
	at predatorPrey.Grass.getLocation(Grass.java:46)
	at predatorPrey.Grass.getLocation(Grass.java:46)
	at predatorPrey.Grass.getLocation(Grass.java:46)
	at predatorPrey.Grass.getLocation(Grass.java:46)
	at predatorPrey.Grass.getLocation(Grass.java:46)
	at predatorPrey.Grass.getLocation(Grass.java:46)
	at predatorPrey.Grass.getLocation(Grass.java:46)
	at predatorPrey.Grass.getLocation(Grass.java:46)
	at predatorPrey.Grass.getLocation(Grass.java:46)
	at predatorPrey.Grass.getLocation(Grass.java:46)
	at predatorPrey.Grass.getLocation(Grass.java:46)
	at predatorPrey.Grass.getLocation(Grass.java:46)
	at predatorPrey.Grass.getLocation(Grass.java:46)
	at predatorPrey.Grass.getLocation(Grass.java:46)
	at predatorPrey.Grass.getLocation(Grass.java:46)
	at predatorPrey.Grass.getLocation(Grass.java:46)
	at predatorPrey.Grass.getLocation(Grass.java:46)
	at predatorPrey.Grass.getLocation(Grass.java:46)
	at predatorPrey.Grass.getLocation(Grass.java:46)
	at predatorPrey.Grass.getLocation(Grass.java:46)
	at predatorPrey.Grass.getLocation(Grass.java:46)
	at predatorPrey.Grass.getLocation(Grass.java:46)
	at predatorPrey.Grass.getLocation(Grass.java:46)
	at predatorPrey.Grass.getLocation(Grass.java:46)
	at predatorPrey.Grass.getLocation(Grass.java:46)
	at predatorPrey.Grass.getLocation(Grass.java:46)
	at predatorPrey.Grass.getLocation(Grass.java:46)
	at predatorPrey.Grass.getLocation(Grass.java:46)
	at predatorPrey.Grass.getLocation(Grass.java:46)
	at predatorPrey.Grass.getLocation(Grass.java:46)
	at predatorPrey.Grass.getLocation(Grass.java:46)
	at predatorPrey.Grass.getLocation(Grass.java:46)
	at predatorPrey.Grass.getLocation(Grass.java:46)
	at predatorPrey.Grass.getLocation(Grass.java:46)
	at predatorPrey.Grass.getLocation(Grass.java:46)
	at predatorPrey.Grass.getLocation(Grass.java:46)
	at predatorPrey.Grass.getLocation(Grass.java:46)
	at predatorPrey.Grass.getLocation(Grass.java:46)
	at predatorPrey.Grass.getLocation(Grass.java:46)
	at predatorPrey.Grass.getLocation(Grass.java:46)
	at predatorPrey.Grass.getLocation(Grass.java:46)
	at predatorPrey.Grass.getLocation(Grass.java:46)
	at predatorPrey.Grass.getLocation(Grass.java:46)
	at predatorPrey.Grass.getLocation(Grass.java:46)
	at predatorPrey.Grass.getLocation(Grass.java:46)
	at predatorPrey.Grass.getLocation(Grass.java:46)
	at predatorPrey.Grass.getLocation(Grass.java:46)
	at predatorPrey.Grass.getLocation(Grass.java:46)
	at predatorPrey.Grass.getLocation(Grass.java:46)
	at predatorPrey.Grass.getLocation(Grass.java:46)
	at predatorPrey.Grass.getLocation(Grass.java:46)
	at predatorPrey.Grass.getLocation(Grass.java:46)
	at predatorPrey.Grass.getLocation(Grass.java:46)
	at predatorPrey.Grass.getLocation(Grass.java:46)
	at predatorPrey.Grass.getLocation(Grass.java:46)
	at predatorPrey.Grass.getLocation(Grass.java:46)
	at predatorPrey.Grass.getLocation(Grass.java:46)
	at predatorPrey.Grass.getLocation(Grass.java:46)
	at predatorPrey.Grass.getLocation(Grass.java:46)
	at predatorPrey.Grass.getLocation(Grass.java:46)
	at predatorPrey.Grass.getLocation(Grass.java:46)
	at predatorPrey.Grass.getLocation(Grass.java:46)
	at predatorPrey.Grass.getLocation(Grass.java:46)
	at predatorPrey.Grass.getLocation(Grass.java:46)
	at predatorPrey.Grass.getLocation(Grass.java:46)
	at predatorPrey.Grass.getLocation(Grass.java:46)
	at predatorPrey.Grass.getLocation(Grass.java:46)
	at predatorPrey.Grass.getLocation(Grass.java:46)
	at predatorPrey.Grass.getLocation(Grass.java:46)
	at predatorPrey.Grass.getLocation(Grass.java:46)
	at predatorPrey.Grass.getLocation(Grass.java:46)
	at predatorPrey.Grass.getLocation(Grass.java:46)
	at predatorPrey.Grass.getLocation(Grass.java:46)
	at predatorPrey.Grass.getLocation(Grass.java:46)
	at predatorPrey.Grass.getLocation(Grass.java:46)
	at predatorPrey.Grass.getLocation(Grass.java:46)
	at predatorPrey.Grass.getLocation(Grass.java:46)
	at predatorPrey.Grass.getLocation(Grass.java:46)
	at predatorPrey.Grass.getLocation(Grass.java:46)
	at predatorPrey.Grass.getLocation(Grass.java:46)
	at predatorPrey.Grass.getLocation(Grass.java:46)
	at predatorPrey.Grass.getLocation(Grass.java:46)
	at predatorPrey.Grass.getLocation(Grass.java:46)
	at predatorPrey.Grass.getLocation(Grass.java:46)
	at predatorPrey.Grass.getLocation(Grass.java:46)
	at predatorPrey.Grass.getLocation(Grass.java:46)
	at predatorPrey.Grass.getLocation(Grass.java:46)
	at predatorPrey.Grass.getLocation(Grass.java:46)
	at predatorPrey.Grass.getLocation(Grass.java:46)
	at predatorPrey.Grass.getLocation(Grass.java:46)
	at predatorPrey.Grass.getLocation(Grass.java:46)
	at predatorPrey.Grass.getLocation(Grass.java:46)
	at predatorPrey.Grass.getLocation(Grass.java:46)
	at predatorPrey.Grass.getLocation(Grass.java:46)
	at predatorPrey.Grass.getLocation(Grass.java:46)
	at predatorPrey.Grass.getLocation(Grass.java:46)
	at predatorPrey.Grass.getLocation(Grass.java:46)
	at predatorPrey.Grass.getLocation(Grass.java:46)
	at predatorPrey.Grass.getLocation(Grass.java:46)
	at predatorPrey.Grass.getLocation(Grass.java:46)
	at predatorPrey.Grass.getLocation(Grass.java:46)
	at predatorPrey.Grass.getLocation(Grass.java:46)
	at predatorPrey.Grass.getLocation(Grass.java:46)
	at predatorPrey.Grass.getLocation(Grass.java:46)
	at predatorPrey.Grass.getLocation(Grass.java:46)
	at predatorPrey.Grass.getLocation(Grass.java:46)
	at predatorPrey.Grass.getLocation(Grass.java:46)
	at predatorPrey.Grass.getLocation(Grass.java:46)
	at predatorPrey.Grass.getLocation(Grass.java:46)
	at predatorPrey.Grass.getLocation(Grass.java:46)
	at predatorPrey.Grass.getLocation(Grass.java:46)
	at predatorPrey.Grass.getLocation(Grass.java:46)
	at predatorPrey.Grass.getLocation(Grass.java:46)
	at predatorPrey.Grass.getLocation(Grass.java:46)
	at predatorPrey.Grass.getLocation(Grass.java:46)
	at predatorPrey.Grass.getLocation(Grass.java:46)
	at predatorPrey.Grass.getLocation(Grass.java:46)
	at predatorPrey.Grass.getLocation(Grass.java:46)
	at predatorPrey.Grass.getLocation(Grass.java:46)
	at predatorPrey.Grass.getLocation(Grass.java:46)
	at predatorPrey.Grass.getLocation(Grass.java:46)
	at predatorPrey.Grass.getLocation(Grass.java:46)
	at predatorPrey.Grass.getLocation(Grass.java:46)
	at predatorPrey.Grass.getLocation(Grass.java:46)
	at predatorPrey.Grass.getLocation(Grass.java:46)
	at predatorPrey.Grass.getLocation(Grass.java:46)
	at predatorPrey.Grass.getLocation(Grass.java:46)
	at predatorPrey.Grass.getLocation(Grass.java:46)
	at predatorPrey.Grass.getLocation(Grass.java:46)
	at predatorPrey.Grass.getLocation(Grass.java:46)
	at predatorPrey.Grass.getLocation(Grass.java:46)
	at predatorPrey.Grass.getLocation(Grass.java:46)
	at predatorPrey.Grass.getLocation(Grass.java:46)
	at predatorPrey.Grass.getLocation(Grass.java:46)
	at predatorPrey.Grass.getLocation(Grass.java:46)
	at predatorPrey.Grass.getLocation(Grass.java:46)
	at predatorPrey.Grass.getLocation(Grass.java:46)
	at predatorPrey.Grass.getLocation(Grass.java:46)
	at predatorPrey.Grass.getLocation(Grass.java:46)
	at predatorPrey.Grass.getLocation(Grass.java:46)
	at predatorPrey.Grass.getLocation(Grass.java:46)
	at predatorPrey.Grass.getLocation(Grass.java:46)
	at predatorPrey.Grass.getLocation(Grass.java:46)
	at predatorPrey.Grass.getLocation(Grass.java:46)
	at predatorPrey.Grass.getLocation(Grass.java:46)
	at predatorPrey.Grass.getLocation(Grass.java:46)
	at predatorPrey.Grass.getLocation(Grass.java:46)
	at predatorPrey.Grass.getLocation(Grass.java:46)
	at predatorPrey.Grass.getLocation(Grass.java:46)
	at predatorPrey.Grass.getLocation(Grass.java:46)
	at predatorPrey.Grass.getLocation(Grass.java:46)
	at predatorPrey.Grass.getLocation(Grass.java:46)
	at predatorPrey.Grass.getLocation(Grass.java:46)
	at predatorPrey.Grass.getLocation(Grass.java:46)
	at predatorPrey.Grass.getLocation(Grass.java:46)
	at predatorPrey.Grass.getLocation(Grass.java:46)
	at predatorPrey.Grass.getLocation(Grass.java:46)
	at predatorPrey.Grass.getLocation(Grass.java:46)
	at predatorPrey.Grass.getLocation(Grass.java:46)
	at predatorPrey.Grass.getLocation(Grass.java:46)
	at predatorPrey.Grass.getLocation(Grass.java:46)
	at predatorPrey.Grass.getLocation(Grass.java:46)
	at predatorPrey.Grass.getLocation(Grass.java:46)
	at predatorPrey.Grass.getLocation(Grass.java:46)
	at predatorPrey.Grass.getLocation(Grass.java:46)
	at predatorPrey.Grass.getLocation(Grass.java:46)
	at predatorPrey.Grass.getLocation(Grass.java:46)
	at predatorPrey.Grass.getLocation(Grass.java:46)
	at predatorPrey.Grass.getLocation(Grass.java:46)
	at predatorPrey.Grass.getLocation(Grass.java:46)
	at predatorPrey.Grass.getLocation(Grass.java:46)
	at predatorPrey.Grass.getLocation(Grass.java:46)
	at predatorPrey.Grass.getLocation(Grass.java:46)
	at predatorPrey.Grass.getLocation(Grass.java:46)
	at predatorPrey.Grass.getLocation(Grass.java:46)
	at predatorPrey.Grass.getLocation(Grass.java:46)
	at predatorPrey.Grass.getLocation(Grass.java:46)
	at predatorPrey.Grass.getLocation(Grass.java:46)
	at predatorPrey.Grass.getLocation(Grass.java:46)
	at predatorPrey.Grass.getLocation(Grass.java:46)
	at predatorPrey.Grass.getLocation(Grass.java:46)
	at predatorPrey.Grass.getLocation(Grass.java:46)
	at predatorPrey.Grass.getLocation(Grass.java:46)
	at predatorPrey.Grass.getLocation(Grass.java:46)
	at predatorPrey.Grass.getLocation(Grass.java:46)
	at predatorPrey.Grass.getLocation(Grass.java:46)
	at predatorPrey.Grass.getLocation(Grass.java:46)
	at predatorPrey.Grass.getLocation(Grass.java:46)
	at predatorPrey.Grass.getLocation(Grass.java:46)
	at predatorPrey.Grass.getLocation(Grass.java:46)
	at predatorPrey.Grass.getLocation(Grass.java:46)
	at predatorPrey.Grass.getLocation(Grass.java:46)
	at predatorPrey.Grass.getLocation(Grass.java:46)
	at predatorPrey.Grass.getLocation(Grass.java:46)
	at predatorPrey.Grass.getLocation(Grass.java:46)
	at predatorPrey.Grass.getLocation(Grass.java:46)
	at predatorPrey.Grass.getLocation(Grass.java:46)
	at predatorPrey.Grass.getLocation(Grass.java:46)
	at predatorPrey.Grass.getLocation(Grass.java:46)
	at predatorPrey.Grass.getLocation(Grass.java:46)
	at predatorPrey.Grass.getLocation(Grass.java:46)
	at predatorPrey.Grass.getLocation(Grass.java:46)
	at predatorPrey.Grass.getLocation(Grass.java:46)
	at predatorPrey.Grass.getLocation(Grass.java:46)
	at predatorPrey.Grass.getLocation(Grass.java:46)
	at predatorPrey.Grass.getLocation(Grass.java:46)
	at predatorPrey.Grass.getLocation(Grass.java:46)
	at predatorPrey.Grass.getLocation(Grass.java:46)
	at predatorPrey.Grass.getLocation(Grass.java:46)
	at predatorPrey.Grass.getLocation(Grass.java:46)
	at predatorPrey.Grass.getLocation(Grass.java:46)
	at predatorPrey.Grass.getLocation(Grass.java:46)
	at predatorPrey.Grass.getLocation(Grass.java:46)
	at predatorPrey.Grass.getLocation(Grass.java:46)
	at predatorPrey.Grass.getLocation(Grass.java:46)
	at predatorPrey.Grass.getLocation(Grass.java:46)
	at predatorPrey.Grass.getLocation(Grass.java:46)
	at predatorPrey.Grass.getLocation(Grass.java:46)
	at predatorPrey.Grass.getLocation(Grass.java:46)
	at predatorPrey.Grass.getLocation(Grass.java:46)
	at predatorPrey.Grass.getLocation(Grass.java:46)
	at predatorPrey.Grass.getLocation(Grass.java:46)
	at predatorPrey.Grass.getLocation(Grass.java:46)
	at predatorPrey.Grass.getLocation(Grass.java:46)
	at predatorPrey.Grass.getLocation(Grass.java:46)
	at predatorPrey.Grass.getLocation(Grass.java:46)
	at predatorPrey.Grass.getLocation(Grass.java:46)
	at predatorPrey.Grass.getLocation(Grass.java:46)
	at predatorPrey.Grass.getLocation(Grass.java:46)
	at predatorPrey.Grass.getLocation(Grass.java:46)
	at predatorPrey.Grass.getLocation(Grass.java:46)
	at predatorPrey.Grass.getLocation(Grass.java:46)
	at predatorPrey.Grass.getLocation(Grass.java:46)
	at predatorPrey.Grass.getLocation(Grass.java:46)
	at predatorPrey.Grass.getLocation(Grass.java:46)
	at predatorPrey.Grass.getLocation(Grass.java:46)
	at predatorPrey.Grass.getLocation(Grass.java:46)
	at predatorPrey.Grass.getLocation(Grass.java:46)
	at predatorPrey.Grass.getLocation(Grass.java:46)
	at predatorPrey.Grass.getLocation(Grass.java:46)
	at predatorPrey.Grass.getLocation(Grass.java:46)
	at predatorPrey.Grass.getLocation(Grass.java:46)
	at predatorPrey.Grass.getLocation(Grass.java:46)
	at predatorPrey.Grass.getLocation(Grass.java:46)
	at predatorPrey.Grass.getLocation(Grass.java:46)
	at predatorPrey.Grass.getLocation(Grass.java:46)
	at predatorPrey.Grass.getLocation(Grass.java:46)
	at predatorPrey.Grass.getLocation(Grass.java:46)
	at predatorPrey.Grass.getLocation(Grass.java:46)
	at predatorPrey.Grass.getLocation(Grass.java:46)
	at predatorPrey.Grass.getLocation(Grass.java:46)
	at predatorPrey.Grass.getLocation(Grass.java:46)
	at predatorPrey.Grass.getLocation(Grass.java:46)
	at predatorPrey.Grass.getLocation(Grass.java:46)
	at predatorPrey.Grass.getLocation(Grass.java:46)
	at predatorPrey.Grass.getLocation(Grass.java:46)
	at predatorPrey.Grass.getLocation(Grass.java:46)
	at predatorPrey.Grass.getLocation(Grass.java:46)
	at predatorPrey.Grass.getLocation(Grass.java:46)
	at predatorPrey.Grass.getLocation(Grass.java:46)
	at predatorPrey.Grass.getLocation(Grass.java:46)
	at predatorPrey.Grass.getLocation(Grass.java:46)
	at predatorPrey.Grass.getLocation(Grass.java:46)
	at predatorPrey.Grass.getLocation(Grass.java:46)
	at predatorPrey.Grass.getLocation(Grass.java:46)
	at predatorPrey.Grass.getLocation(Grass.java:46)
	at predatorPrey.Grass.getLocation(Grass.java:46)
	at predatorPrey.Grass.getLocation(Grass.java:46)
	at predatorPrey.Grass.getLocation(Grass.java:46)
	at predatorPrey.Grass.getLocation(Grass.java:46)
	at predatorPrey.Grass.getLocation(Grass.java:46)
	at predatorPrey.Grass.getLocation(Grass.java:46)
	at predatorPrey.Grass.getLocation(Grass.java:46)
	at predatorPrey.Grass.getLocation(Grass.java:46)
	at predatorPrey.Grass.getLocation(Grass.java:46)
	at predatorPrey.Grass.getLocation(Grass.java:46)
	at predatorPrey.Grass.getLocation(Grass.java:46)
	at predatorPrey.Grass.getLocation(Grass.java:46)
	at predatorPrey.Grass.getLocation(Grass.java:46)
	at predatorPrey.Grass.getLocation(Grass.java:46)
	at predatorPrey.Grass.getLocation(Grass.java:46)
	at predatorPrey.Grass.getLocation(Grass.java:46)
	at predatorPrey.Grass.getLocation(Grass.java:46)
	at predatorPrey.Grass.getLocation(Grass.java:46)
	at predatorPrey.Grass.getLocation(Grass.java:46)
	at predatorPrey.Grass.getLocation(Grass.java:46)
	at predatorPrey.Grass.getLocation(Grass.java:46)
	at predatorPrey.Grass.getLocation(Grass.java:46)
	at predatorPrey.Grass.getLocation(Grass.java:46)
	at predatorPrey.Grass.getLocation(Grass.java:46)
	at predatorPrey.Grass.getLocation(Grass.java:46)
	at predatorPrey.Grass.getLocation(Grass.java:46)
	at predatorPrey.Grass.getLocation(Grass.java:46)
	at predatorPrey.Grass.getLocation(Grass.java:46)
	at predatorPrey.Grass.getLocation(Grass.java:46)
	at predatorPrey.Grass.getLocation(Grass.java:46)
	at predatorPrey.Grass.getLocation(Grass.java:46)
	at predatorPrey.Grass.getLocation(Grass.java:46)
	at predatorPrey.Grass.getLocation(Grass.java:46)
	at predatorPrey.Grass.getLocation(Grass.java:46)
	at predatorPrey.Grass.getLocation(Grass.java:46)
	at predatorPrey.Grass.getLocation(Grass.java:46)
	at predatorPrey.Grass.getLocation(Grass.java:46)
	at predatorPrey.Grass.getLocation(Grass.java:46)
	at predatorPrey.Grass.getLocation(Grass.java:46)
	at predatorPrey.Grass.getLocation(Grass.java:46)
	at predatorPrey.Grass.getLocation(Grass.java:46)
	at predatorPrey.Grass.getLocation(Grass.java:46)
	at predatorPrey.Grass.getLocation(Grass.java:46)
	at predatorPrey.Grass.getLocation(Grass.java:46)
	at predatorPrey.Grass.getLocation(Grass.java:46)
	at predatorPrey.Grass.getLocation(Grass.java:46)
	at predatorPrey.Grass.getLocation(Grass.java:46)
	at predatorPrey.Grass.getLocation(Grass.java:46)
	at predatorPrey.Grass.getLocation(Grass.java:46)
	at predatorPrey.Grass.getLocation(Grass.java:46)
	at predatorPrey.Grass.getLocation(Grass.java:46)
	at predatorPrey.Grass.getLocation(Grass.java:46)
	at predatorPrey.Grass.getLocation(Grass.java:46)
	at predatorPrey.Grass.getLocation(Grass.java:46)
	at predatorPrey.Grass.getLocation(Grass.java:46)
	at predatorPrey.Grass.getLocation(Grass.java:46)
	at predatorPrey.Grass.getLocation(Grass.java:46)
	at predatorPrey.Grass.getLocation(Grass.java:46)
	at predatorPrey.Grass.getLocation(Grass.java:46)
	at predatorPrey.Grass.getLocation(Grass.java:46)
	at predatorPrey.Grass.getLocation(Grass.java:46)
	at predatorPrey.Grass.getLocation(Grass.java:46)
	at predatorPrey.Grass.getLocation(Grass.java:46)
	at predatorPrey.Grass.getLocation(Grass.java:46)
	at predatorPrey.Grass.getLocation(Grass.java:46)
	at predatorPrey.Grass.getLocation(Grass.java:46)
	at predatorPrey.Grass.getLocation(Grass.java:46)
	at predatorPrey.Grass.getLocation(Grass.java:46)
	at predatorPrey.Grass.getLocation(Grass.java:46)
	at predatorPrey.Grass.getLocation(Grass.java:46)
	at predatorPrey.Grass.getLocation(Grass.java:46)
	at predatorPrey.Grass.getLocation(Grass.java:46)
	at predatorPrey.Grass.getLocation(Grass.java:46)
	at predatorPrey.Grass.getLocation(Grass.java:46)
	at predatorPrey.Grass.getLocation(Grass.java:46)
	at predatorPrey.Grass.getLocation(Grass.java:46)
	at predatorPrey.Grass.getLocation(Grass.java:46)
	at predatorPrey.Grass.getLocation(Grass.java:46)
	at predatorPrey.Grass.getLocation(Grass.java:46)
	at predatorPrey.Grass.getLocation(Grass.java:46)
	at predatorPrey.Grass.getLocation(Grass.java:46)
	at predatorPrey.Grass.getLocation(Grass.java:46)
	at predatorPrey.Grass.getLocation(Grass.java:46)
	at predatorPrey.Grass.getLocation(Grass.java:46)
	at predatorPrey.Grass.getLocation(Grass.java:46)
	at predatorPrey.Grass.getLocation(Grass.java:46)
	at predatorPrey.Grass.getLocation(Grass.java:46)
	at predatorPrey.Grass.getLocation(Grass.java:46)
	at predatorPrey.Grass.getLocation(Grass.java:46)
	at predatorPrey.Grass.getLocation(Grass.java:46)
	at predatorPrey.Grass.getLocation(Grass.java:46)
	at predatorPrey.Grass.getLocation(Grass.java:46)
	at predatorPrey.Grass.getLocation(Grass.java:46)
	at predatorPrey.Grass.getLocation(Grass.java:46)
	at predatorPrey.Grass.getLocation(Grass.java:46)
	at predatorPrey.Grass.getLocation(Grass.java:46)
	at predatorPrey.Grass.getLocation(Grass.java:46)
	at predatorPrey.Grass.getLocation(Grass.java:46)
	at predatorPrey.Grass.getLocation(Grass.java:46)
	at predatorPrey.Grass.getLocation(Grass.java:46)
	at predatorPrey.Grass.getLocation(Grass.java:46)
	at predatorPrey.Grass.getLocation(Grass.java:46)
	at predatorPrey.Grass.getLocation(Grass.java:46)
	at predatorPrey.Grass.getLocation(Grass.java:46)
	at predatorPrey.Grass.getLocation(Grass.java:46)
	at predatorPrey.Grass.getLocation(Grass.java:46)
	at predatorPrey.Grass.getLocation(Grass.java:46)
	at predatorPrey.Grass.getLocation(Grass.java:46)
	at predatorPrey.Grass.getLocation(Grass.java:46)
	at predatorPrey.Grass.getLocation(Grass.java:46)
	at predatorPrey.Grass.getLocation(Grass.java:46)
	at predatorPrey.Grass.getLocation(Grass.java:46)
	at predatorPrey.Grass.getLocation(Grass.java:46)
	at predatorPrey.Grass.getLocation(Grass.java:46)
	at predatorPrey.Grass.getLocation(Grass.java:46)
	at predatorPrey.Grass.getLocation(Grass.java:46)
	at predatorPrey.Grass.getLocation(Grass.java:46)
	at predatorPrey.Grass.getLocation(Grass.java:46)
	at predatorPrey.Grass.getLocation(Grass.java:46)
	at predatorPrey.Grass.getLocation(Grass.java:46)
	at predatorPrey.Grass.getLocation(Grass.java:46)
	at predatorPrey.Grass.getLocation(Grass.java:46)
	at predatorPrey.Grass.getLocation(Grass.java:46)
	at predatorPrey.Grass.getLocation(Grass.java:46)
	at predatorPrey.Grass.getLocation(Grass.java:46)
	at predatorPrey.Grass.getLocation(Grass.java:46)
	at predatorPrey.Grass.getLocation(Grass.java:46)
	at predatorPrey.Grass.getLocation(Grass.java:46)
	at predatorPrey.Grass.getLocation(Grass.java:46)
	at predatorPrey.Grass.getLocation(Grass.java:46)
	at predatorPrey.Grass.getLocation(Grass.java:46)
	at predatorPrey.Grass.getLocation(Grass.java:46)
	at predatorPrey.Grass.getLocation(Grass.java:46)
	at predatorPrey.Grass.getLocation(Grass.java:46)
	at predatorPrey.Grass.getLocation(Grass.java:46)
	at predatorPrey.Grass.getLocation(Grass.java:46)
	at predatorPrey.Grass.getLocation(Grass.java:46)
	at predatorPrey.Grass.getLocation(Grass.java:46)
	at predatorPrey.Grass.getLocation(Grass.java:46)
	at predatorPrey.Grass.getLocation(Grass.java:46)
	at predatorPrey.Grass.getLocation(Grass.java:46)
	at predatorPrey.Grass.getLocation(Grass.java:46)
	at predatorPrey.Grass.getLocation(Grass.java:46)
	at predatorPrey.Grass.getLocation(Grass.java:46)
	at predatorPrey.Grass.getLocation(Grass.java:46)
	at predatorPrey.Grass.getLocation(Grass.java:46)
	at predatorPrey.Grass.getLocation(Grass.java:46)
	at predatorPrey.Grass.getLocation(Grass.java:46)
	at predatorPrey.Grass.getLocation(Grass.java:46)
	at predatorPrey.Grass.getLocation(Grass.java:46)
	at predatorPrey.Grass.getLocation(Grass.java:46)
	at predatorPrey.Grass.getLocation(Grass.java:46)
	at predatorPrey.Grass.getLocation(Grass.java:46)
	at predatorPrey.Grass.getLocation(Grass.java:46)
	at predatorPrey.Grass.getLocation(Grass.java:46)
	at predatorPrey.Grass.getLocation(Grass.java:46)
	at predatorPrey.Grass.getLocation(Grass.java:46)
	at predatorPrey.Grass.getLocation(Grass.java:46)
	at predatorPrey.Grass.getLocation(Grass.java:46)
	at predatorPrey.Grass.getLocation(Grass.java:46)
	at predatorPrey.Grass.getLocation(Grass.java:46)
	at predatorPrey.Grass.getLocation(Grass.java:46)
	at predatorPrey.Grass.getLocation(Grass.java:46)
	at predatorPrey.Grass.getLocation(Grass.java:46)
	at predatorPrey.Grass.getLocation(Grass.java:46)
	at predatorPrey.Grass.getLocation(Grass.java:46)
	at predatorPrey.Grass.getLocation(Grass.java:46)
	at predatorPrey.Grass.getLocation(Grass.java:46)
	at predatorPrey.Grass.getLocation(Grass.java:46)
	at predatorPrey.Grass.getLocation(Grass.java:46)
	at predatorPrey.Grass.getLocation(Grass.java:46)
	at predatorPrey.Grass.getLocation(Grass.java:46)
	at predatorPrey.Grass.getLocation(Grass.java:46)
	at predatorPrey.Grass.getLocation(Grass.java:46)
	at predatorPrey.Grass.getLocation(Grass.java:46)
	at predatorPrey.Grass.getLocation(Grass.java:46)
	at predatorPrey.Grass.getLocation(Grass.java:46)
	at predatorPrey.Grass.getLocation(Grass.java:46)
	at predatorPrey.Grass.getLocation(Grass.java:46)
	at predatorPrey.Grass.getLocation(Grass.java:46)
	at predatorPrey.Grass.getLocation(Grass.java:46)
	at predatorPrey.Grass.getLocation(Grass.java:46)
	at predatorPrey.Grass.getLocation(Grass.java:46)
	at predatorPrey.Grass.getLocation(Grass.java:46)
	at predatorPrey.Grass.getLocation(Grass.java:46)
	at predatorPrey.Grass.getLocation(Grass.java:46)
	at predatorPrey.Grass.getLocation(Grass.java:46)
	at predatorPrey.Grass.getLocation(Grass.java:46)
	at predatorPrey.Grass.getLocation(Grass.java:46)
	at predatorPrey.Grass.getLocation(Grass.java:46)
	at predatorPrey.Grass.getLocation(Grass.java:46)
	at predatorPrey.Grass.getLocation(Grass.java:46)
	at predatorPrey.Grass.getLocation(Grass.java:46)
	at predatorPrey.Grass.getLocation(Grass.java:46)
	at predatorPrey.Grass.getLocation(Grass.java:46)
	at predatorPrey.Grass.getLocation(Grass.java:46)
	at predatorPrey.Grass.getLocation(Grass.java:46)
	at predatorPrey.Grass.getLocation(Grass.java:46)
	at predatorPrey.Grass.getLocation(Grass.java:46)
	at predatorPrey.Grass.getLocation(Grass.java:46)
	at predatorPrey.Grass.getLocation(Grass.java:46)
	at predatorPrey.Grass.getLocation(Grass.java:46)
	at predatorPrey.Grass.getLocation(Grass.java:46)
	at predatorPrey.Grass.getLocation(Grass.java:46)
	at predatorPrey.Grass.getLocation(Grass.java:46)
	at predatorPrey.Grass.getLocation(Grass.java:46)
	at predatorPrey.Grass.getLocation(Grass.java:46)
	at predatorPrey.Grass.getLocation(Grass.java:46)
	at predatorPrey.Grass.getLocation(Grass.java:46)
	at predatorPrey.Grass.getLocation(Grass.java:46)
	at predatorPrey.Grass.getLocation(Grass.java:46)
	at predatorPrey.Grass.getLocation(Grass.java:46)
	at predatorPrey.Grass.getLocation(Grass.java:46)
	at predatorPrey.Grass.getLocation(Grass.java:46)
	at predatorPrey.Grass.getLocation(Grass.java:46)
	at predatorPrey.Grass.getLocation(Grass.java:46)
	at predatorPrey.Grass.getLocation(Grass.java:46)
	at predatorPrey.Grass.getLocation(Grass.java:46)
	at predatorPrey.Grass.getLocation(Grass.java:46)
	at predatorPrey.Grass.getLocation(Grass.java:46)
	at predatorPrey.Grass.getLocation(Grass.java:46)
	at predatorPrey.Grass.getLocation(Grass.java:46)
	at predatorPrey.Grass.getLocation(Grass.java:46)
	at predatorPrey.Grass.getLocation(Grass.java:46)
	at predatorPrey.Grass.getLocation(Grass.java:46)
	at predatorPrey.Grass.getLocation(Grass.java:46)
	at predatorPrey.Grass.getLocation(Grass.java:46)
	at predatorPrey.Grass.getLocation(Grass.java:46)
	at predatorPrey.Grass.getLocation(Grass.java:46)
	at predatorPrey.Grass.getLocation(Grass.java:46)
	at predatorPrey.Grass.getLocation(Grass.java:46)
	at predatorPrey.Grass.getLocation(Grass.java:46)
	at predatorPrey.Grass.getLocation(Grass.java:46)
	at predatorPrey.Grass.getLocation(Grass.java:46)
	at predatorPrey.Grass.getLocation(Grass.java:46)
	at predatorPrey.Grass.getLocation(Grass.java:46)
	at predatorPrey.Grass.getLocation(Grass.java:46)
	at predatorPrey.Grass.getLocation(Grass.java:46)
	at predatorPrey.Grass.getLocation(Grass.java:46)
	at predatorPrey.Grass.getLocation(Grass.java:46)
	at predatorPrey.Grass.getLocation(Grass.java:46)
	at predatorPrey.Grass.getLocation(Grass.java:46)
	at predatorPrey.Grass.getLocation(Grass.java:46)
	at predatorPrey.Grass.getLocation(Grass.java:46)
	at predatorPrey.Grass.getLocation(Grass.java:46)
	at predatorPrey.Grass.getLocation(Grass.java:46)
	at predatorPrey.Grass.getLocation(Grass.java:46)
	at predatorPrey.Grass.getLocation(Grass.java:46)
	at predatorPrey.Grass.getLocation(Grass.java:46)
	at predatorPrey.Grass.getLocation(Grass.java:46)
	at predatorPrey.Grass.getLocation(Grass.java:46)
	at predatorPrey.Grass.getLocation(Grass.java:46)
	at predatorPrey.Grass.getLocation(Grass.java:46)
	at predatorPrey.Grass.getLocation(Grass.java:46)
	at predatorPrey.Grass.getLocation(Grass.java:46)
	at predatorPrey.Grass.getLocation(Grass.java:46)
	at predatorPrey.Grass.getLocation(Grass.java:46)
	at predatorPrey.Grass.getLocation(Grass.java:46)
	at predatorPrey.Grass.getLocation(Grass.java:46)
	at predatorPrey.Grass.getLocation(Grass.java:46)
	at predatorPrey.Grass.getLocation(Grass.java:46)
	at predatorPrey.Grass.getLocation(Grass.java:46)
	at predatorPrey.Grass.getLocation(Grass.java:46)
	at predatorPrey.Grass.getLocation(Grass.java:46)
	at predatorPrey.Grass.getLocation(Grass.java:46)
	at predatorPrey.Grass.getLocation(Grass.java:46)
	at predatorPrey.Grass.getLocation(Grass.java:46)
	at predatorPrey.Grass.getLocation(Grass.java:46)
	at predatorPrey.Grass.getLocation(Grass.java:46)
	at predatorPrey.Grass.getLocation(Grass.java:46)
	at predatorPrey.Grass.getLocation(Grass.java:46)
	at predatorPrey.Grass.getLocation(Grass.java:46)
	at predatorPrey.Grass.getLocation(Grass.java:46)
	at predatorPrey.Grass.getLocation(Grass.java:46)
	at predatorPrey.Grass.getLocation(Grass.java:46)
	at predatorPrey.Grass.getLocation(Grass.java:46)
	at predatorPrey.Grass.getLocation(Grass.java:46)
	at predatorPrey.Grass.getLocation(Grass.java:46)
	at predatorPrey.Grass.getLocation(Grass.java:46)
	at predatorPrey.Grass.getLocation(Grass.java:46)
	at predatorPrey.Grass.getLocation(Grass.java:46)
	at predatorPrey.Grass.getLocation(Grass.java:46)
	at predatorPrey.Grass.getLocation(Grass.java:46)
	at predatorPrey.Grass.getLocation(Grass.java:46)
	at predatorPrey.Grass.getLocation(Grass.java:46)
	at predatorPrey.Grass.getLocation(Grass.java:46)
	at predatorPrey.Grass.getLocation(Grass.java:46)
	at predatorPrey.Grass.getLocation(Grass.java:46)
	at predatorPrey.Grass.getLocation(Grass.java:46)
	at predatorPrey.Grass.getLocation(Grass.java:46)
	at predatorPrey.Grass.getLocation(Grass.java:46)
	at predatorPrey.Grass.getLocation(Grass.java:46)
	at predatorPrey.Grass.getLocation(Grass.java:46)
	at predatorPrey.Grass.getLocation(Grass.java:46)
	at predatorPrey.Grass.getLocation(Grass.java:46)
	at predatorPrey.Grass.getLocation(Grass.java:46)
	at predatorPrey.Grass.getLocation(Grass.java:46)
	at predatorPrey.Grass.getLocation(Grass.java:46)
	at predatorPrey.Grass.getLocation(Grass.java:46)
	at predatorPrey.Grass.getLocation(Grass.java:46)
	at predatorPrey.Grass.getLocation(Grass.java:46)
	at predatorPrey.Grass.getLocation(Grass.java:46)
	at predatorPrey.Grass.getLocation(Grass.java:46)
	at predatorPrey.Grass.getLocation(Grass.java:46)
	at predatorPrey.Grass.getLocation(Grass.java:46)
	at predatorPrey.Grass.getLocation(Grass.java:46)
	at predatorPrey.Grass.getLocation(Grass.java:46)
	at predatorPrey.Grass.getLocation(Grass.java:46)
	at predatorPrey.Grass.getLocation(Grass.java:46)
	at predatorPrey.Grass.getLocation(Grass.java:46)
	at predatorPrey.Grass.getLocation(Grass.java:46)
	at predatorPrey.Grass.getLocation(Grass.java:46)
	at predatorPrey.Grass.getLocation(Grass.java:46)
	at predatorPrey.Grass.getLocation(Grass.java:46)
	at predatorPrey.Grass.getLocation(Grass.java:46)
	at predatorPrey.Grass.getLocation(Grass.java:46)
	at predatorPrey.Grass.getLocation(Grass.java:46)
	at predatorPrey.Grass.getLocation(Grass.java:46)
	at predatorPrey.Grass.getLocation(Grass.java:46)
	at predatorPrey.Grass.getLocation(Grass.java:46)
	at predatorPrey.Grass.getLocation(Grass.java:46)
	at predatorPrey.Grass.getLocation(Grass.java:46)
	at predatorPrey.Grass.getLocation(Grass.java:46)
	at predatorPrey.Grass.getLocation(Grass.java:46)
	at predatorPrey.Grass.getLocation(Grass.java:46)
	at predatorPrey.Grass.getLocation(Grass.java:46)
	at predatorPrey.Grass.getLocation(Grass.java:46)
	at predatorPrey.Grass.getLocation(Grass.java:46)
	at predatorPrey.Grass.getLocation(Grass.java:46)
	at predatorPrey.Grass.getLocation(Grass.java:46)
	at predatorPrey.Grass.getLocation(Grass.java:46)
	at predatorPrey.Grass.getLocation(Grass.java:46)
	at predatorPrey.Grass.getLocation(Grass.java:46)
	at predatorPrey.Grass.getLocation(Grass.java:46)
	at predatorPrey.Grass.getLocation(Grass.java:46)
	at predatorPrey.Grass.getLocation(Grass.java:46)
	at predatorPrey.Grass.getLocation(Grass.java:46)
	at predatorPrey.Grass.getLocation(Grass.java:46)
	at predatorPrey.Grass.getLocation(Grass.java:46)
	at predatorPrey.Grass.getLocation(Grass.java:46)
	at predatorPrey.Grass.getLocation(Grass.java:46)
	at predatorPrey.Grass.getLocation(Grass.java:46)
	at predatorPrey.Grass.getLocation(Grass.java:46)
	at predatorPrey.Grass.getLocation(Grass.java:46)
	at predatorPrey.Grass.getLocation(Grass.java:46)
	at predatorPrey.Grass.getLocation(Grass.java:46)
	at predatorPrey.Grass.getLocation(Grass.java:46)
	at predatorPrey.Grass.getLocation(Grass.java:46)
	at predatorPrey.Grass.getLocation(Grass.java:46)
	at predatorPrey.Grass.getLocation(Grass.java:46)
	at predatorPrey.Grass.getLocation(Grass.java:46)
	at predatorPrey.Grass.getLocation(Grass.java:46)
	at predatorPrey.Grass.getLocation(Grass.java:46)
	at predatorPrey.Grass.getLocation(Grass.java:46)
	at predatorPrey.Grass.getLocation(Grass.java:46)
	at predatorPrey.Grass.getLocation(Grass.java:46)
	at predatorPrey.Grass.getLocation(Grass.java:46)
	at predatorPrey.Grass.getLocation(Grass.java:46)
	at predatorPrey.Grass.getLocation(Grass.java:46)
	at predatorPrey.Grass.getLocation(Grass.java:46)
	at predatorPrey.Grass.getLocation(Grass.java:46)
	at predatorPrey.Grass.getLocation(Grass.java:46)
	at predatorPrey.Grass.getLocation(Grass.java:46)
	at predatorPrey.Grass.getLocation(Grass.java:46)
	at predatorPrey.Grass.getLocation(Grass.java:46)
	at predatorPrey.Grass.getLocation(Grass.java:46)
	at predatorPrey.Grass.getLocation(Grass.java:46)
	at predatorPrey.Grass.getLocation(Grass.java:46)
	at predatorPrey.Grass.getLocation(Grass.java:46)
	at predatorPrey.Grass.getLocation(Grass.java:46)
	at predatorPrey.Grass.getLocation(Grass.java:46)
	at predatorPrey.Grass.getLocation(Grass.java:46)
	at predatorPrey.Grass.getLocation(Grass.java:46)
	at predatorPrey.Grass.getLocation(Grass.java:46)
FATAL [Thread-7] 2016-03-13 13:20:12,161 repast.simphony.ui.GUIScheduleRunner - RunTimeException when running the schedule
Current tick (15.0)
java.lang.RuntimeException: java.lang.reflect.InvocationTargetException
	at repast.simphony.engine.schedule.DynamicTargetAction.execute(DynamicTargetAction.java:72)
	at repast.simphony.engine.controller.ScheduledMethodControllerAction$ScheduleMethodAllAction.execute(ScheduledMethodControllerAction.java:333)
	at repast.simphony.engine.schedule.DefaultAction.execute(DefaultAction.java:38)
	at repast.simphony.engine.schedule.ScheduleGroup.executeList(ScheduleGroup.java:205)
	at repast.simphony.engine.schedule.ScheduleGroup.execute(ScheduleGroup.java:231)
	at repast.simphony.engine.schedule.Schedule.execute(Schedule.java:352)
	at repast.simphony.ui.GUIScheduleRunner$ScheduleLoopRunnable.run(GUIScheduleRunner.java:52)
	at java.lang.Thread.run(Unknown Source)
Caused by: java.lang.reflect.InvocationTargetException
	at predatorPrey.Leopard$$FastClassByCGLIB$$8df1dbb8.invoke(<generated>)
	at net.sf.cglib.reflect.FastMethod.invoke(FastMethod.java:53)
	at repast.simphony.engine.schedule.DynamicTargetAction.execute(DynamicTargetAction.java:69)
	... 7 more
Caused by: java.lang.NullPointerException
	at repast.simphony.query.space.grid.GridCellNgh.setupMinMax(GridCellNgh.java:80)
	at repast.simphony.query.space.grid.GridCellNgh.<init>(GridCellNgh.java:48)
	at predatorPrey.Leopard.act(Leopard.java:55)
	... 10 more
FATAL [Thread-7] 2016-04-11 17:07:51,886 repast.simphony.ui.GUIScheduleRunner - RunTimeException when running the schedule
Current tick (9.0)
java.lang.RuntimeException: java.lang.reflect.InvocationTargetException
	at repast.simphony.engine.schedule.DynamicTargetAction.execute(DynamicTargetAction.java:72)
	at repast.simphony.engine.controller.ScheduledMethodControllerAction$ScheduleMethodAllAction.execute(ScheduledMethodControllerAction.java:333)
	at repast.simphony.engine.schedule.DefaultAction.execute(DefaultAction.java:38)
	at repast.simphony.engine.schedule.ScheduleGroup.executeList(ScheduleGroup.java:205)
	at repast.simphony.engine.schedule.ScheduleGroup.execute(ScheduleGroup.java:231)
	at repast.simphony.engine.schedule.Schedule.execute(Schedule.java:352)
	at repast.simphony.ui.GUIScheduleRunner$ScheduleLoopRunnable.run(GUIScheduleRunner.java:52)
	at java.lang.Thread.run(Unknown Source)
Caused by: java.lang.reflect.InvocationTargetException
	at predatorPrey.Plant$$FastClassByCGLIB$$fd2eceea.invoke(<generated>)
	at net.sf.cglib.reflect.FastMethod.invoke(FastMethod.java:53)
	at repast.simphony.engine.schedule.DynamicTargetAction.execute(DynamicTargetAction.java:69)
	... 7 more
Caused by: java.lang.IllegalArgumentException: Object 'null' must be added to the space's context before it can be moved
	at repast.simphony.space.continuous.AbstractContinuousSpace.doMove(AbstractContinuousSpace.java:129)
	at repast.simphony.space.continuous.AbstractContinuousSpace.moveTo(AbstractContinuousSpace.java:121)
	at predatorPrey.Plant.act(Plant.java:53)
	... 10 more
FATAL [Thread-7] 2016-04-11 17:11:53,608 repast.simphony.ui.GUIScheduleRunner - RunTimeException when running the schedule
Current tick (9.0)
java.lang.RuntimeException: java.lang.reflect.InvocationTargetException
	at repast.simphony.engine.schedule.DynamicTargetAction.execute(DynamicTargetAction.java:72)
	at repast.simphony.engine.controller.ScheduledMethodControllerAction$ScheduleMethodAllAction.execute(ScheduledMethodControllerAction.java:333)
	at repast.simphony.engine.schedule.DefaultAction.execute(DefaultAction.java:38)
	at repast.simphony.engine.schedule.ScheduleGroup.executeList(ScheduleGroup.java:205)
	at repast.simphony.engine.schedule.ScheduleGroup.execute(ScheduleGroup.java:231)
	at repast.simphony.engine.schedule.Schedule.execute(Schedule.java:352)
	at repast.simphony.ui.GUIScheduleRunner$ScheduleLoopRunnable.run(GUIScheduleRunner.java:52)
	at java.lang.Thread.run(Unknown Source)
Caused by: java.lang.reflect.InvocationTargetException
	at predatorPrey.Plant$$FastClassByCGLIB$$fd2eceea.invoke(<generated>)
	at net.sf.cglib.reflect.FastMethod.invoke(FastMethod.java:53)
	at repast.simphony.engine.schedule.DynamicTargetAction.execute(DynamicTargetAction.java:69)
	... 7 more
Caused by: java.lang.IllegalArgumentException: Object 'Grass: 2122' must be added to the space's context before it can be moved
	at repast.simphony.space.continuous.AbstractContinuousSpace.doMove(AbstractContinuousSpace.java:129)
	at repast.simphony.space.continuous.AbstractContinuousSpace.moveTo(AbstractContinuousSpace.java:121)
	at predatorPrey.Plant.act(Plant.java:54)
	... 10 more
